The system is: Linux - 4.15.0-50-generic - x86_64
Compiling the Fortran compiler identification source file "CMakeFortranCompilerId.F" succeeded.
Compiler: /home/futul/intel/bin/ifort 
Build flags: 
Id flags: -v 

The output was:
0
ifort version 19.0.2.187
/home/futul/intel/compilers_and_libraries_2019.2.187/linux/bin/intel64/fpp    -D__INTEL_COMPILER=1900 -D__INTEL_COMPILER_UPDATE=0 -D__unix__ -D__unix -D__linux__ -D__linux -D__gnu_linux__ -Dunix -Dlinux -D__ELF__ -D__x86_64 -D__x86_64__ -D__amd64 -D__amd64__ -D__INTEL_COMPILER_BUILD_DATE=20190117 -D__INTEL_OFFLOAD -D__i686 -D__i686__ -D__pentiumpro -D__pentiumpro__ -D__tune_i686__ -D__tune_pentiumpro__ -D__pentium4 -D__pentium4__ -D__tune_pentium4__ -D__SSE2__ -D__SSE2_MATH__ -D__SSE__ -D__SSE_MATH__ -D__MMX__ -I. -I/home/futul/intel/compilers_and_libraries_2019.2.187/linux/compiler/include/intel64 -I/home/futul/intel/compilers_and_libraries_2019.2.187/linux/compiler/include/icc -I/home/futul/intel/compilers_and_libraries_2019.2.187/linux/compiler/include -I/usr/local/include -I/usr/lib/gcc/x86_64-linux-gnu/7/include -I/usr/lib/gcc/x86_64-linux-gnu/7/include-fixed -I/usr/include/ -I/usr/include -I/usr/include/x86_64-linux-gnu -fixed -4Ycpp -4Ncvf -f_com=yes -MX CMakeFortranCompilerId.F /tmp/ifortWw8hfs.i
#include "..." search starts here:
#include <...> search starts here:
 .
 /home/futul/intel/compilers_and_libraries_2019.2.187/linux/compiler/include/intel64
 /home/futul/intel/compilers_and_libraries_2019.2.187/linux/compiler/include/icc
 /home/futul/intel/compilers_and_libraries_2019.2.187/linux/compiler/include
 /usr/local/include
 /usr/lib/gcc/x86_64-linux-gnu/7/include
 /usr/lib/gcc/x86_64-linux-gnu/7/include-fixed
 /usr/include/
 /usr/include
 /usr/include/x86_64-linux-gnu
End of search list.
/home/futul/intel/compilers_and_libraries_2019.2.187/linux/bin/intel64/fortcom    -D__INTEL_COMPILER=1900 -D__INTEL_COMPILER_UPDATE=0 -D__unix__ -D__unix -D__linux__ -D__linux -D__gnu_linux__ -Dunix -Dlinux -D__ELF__ -D__x86_64 -D__x86_64__ -D__amd64 -D__amd64__ -D__INTEL_COMPILER_BUILD_DATE=20190117 -D__INTEL_OFFLOAD -D__i686 -D__i686__ -D__pentiumpro -D__pentiumpro__ -D__tune_i686__ -D__tune_pentiumpro__ -D__pentium4 -D__pentium4__ -D__tune_pentium4__ -D__SSE2__ -D__SSE2_MATH__ -D__SSE__ -D__SSE_MATH__ -D__MMX__ -mGLOB_pack_sort_init_list -I. -I/home/futul/intel/compilers_and_libraries_2019.2.187/linux/compiler/include/intel64 -I/home/futul/intel/compilers_and_libraries_2019.2.187/linux/compiler/include/icc -I/home/futul/intel/compilers_and_libraries_2019.2.187/linux/compiler/include -I/usr/local/include -I/usr/lib/gcc/x86_64-linux-gnu/7/include -I/usr/lib/gcc/x86_64-linux-gnu/7/include-fixed -I/usr/include/ -I/usr/include -I/usr/include/x86_64-linux-gnu -omp_simd -O2 "-reentrancy threaded" -simd -offload_host -mGLOB_em64t=TRUE -mP1OPT_version=19.0-intel64 -mGLOB_diag_file=/tmp/ifortZQhcwG.diag -mGLOB_long_size_64 -mGLOB_routine_pointer_size_64 -mGLOB_source_language=GLOB_SOURCE_LANGUAGE_F90 -mP2OPT_static_promotion -mP1OPT_print_version=FALSE -mCG_use_gas_got_workaround=F -mP2OPT_align_option_used=TRUE -mGLOB_gcc_version=730 -mGLOB_options_string=-v -mGLOB_cxx_limited_range=FALSE -mCG_extend_parms=FALSE -mGLOB_compiler_bin_directory=/home/futul/intel/compilers_and_libraries_2019.2.187/linux/bin/intel64 -mGLOB_as_output_backup_file_name=/tmp/ifortL74aIZas_.s -mGLOB_dashboard_use_source_name -mIPOPT_activate -mIPOPT_lite -mGLOB_uarch_tuning=0x0 -mGLOB_product_id_code=0x22006d91 -mCG_bnl_movbe=T -mGLOB_extended_instructions=0x8 -mP3OPT_use_mspp_call_convention -mP2OPT_subs_out_of_bound=FALSE -mP2OPT_disam_type_based_disam=2 -mGLOB_ansi_alias -mPGOPTI_value_profile_use=T -mGLOB_opt_report_use_source_name -mGLOB_offload_mode=1 -mP2OPT_offload_unique_var_string=ifort0493903151wUQ7CB -mP2OPT_hlo_level=2 -mP2OPT_hlo -mP2OPT_hpo_rtt_control=0 -mIPOPT_args_in_regs=0 -mP2OPT_disam_assume_nonstd_intent_in=FALSE -mGLOB_imf_mapping_library=/home/futul/intel/compilers_and_libraries_2019.2.187/linux/bin/intel64/libiml_attr.so -mIPOPT_single_file_compile_and_link=TRUE -mPGOPTI_gen_threadsafe_level=0 -mIPOPT_lto_object_enabled -mIPOPT_lto_object_value=1 -mIPOPT_obj_output_file_name=/tmp/ifortZQhcwG.o -mIPOPT_whole_archive_fixup_file_name=/tmp/ifortwarchcNOWbx -mGLOB_linker_version=2.30 -mGLOB_linker=ld -mGLOB_driver_tempfile_name=/tmp/iforttempfileLDkWVi -mP3OPT_asm_target=P3OPT_ASM_TARGET_GAS -mGLOB_async_unwind_tables=TRUE -mGLOB_obj_output_file=/tmp/ifortZQhcwG.o -mGLOB_source_dialect=GLOB_SOURCE_DIALECT_FORTRAN -mP1OPT_source_file_name=CMakeFortranCompilerId.F -mP1OPT_full_source_file_name=/home/futul/fortran/k.nik/l5/cmake-build-debug/CMakeFiles/3.13.2/CompilerIdFortran/CMakeFortranCompilerId.F -mP2OPT_symtab_type_copy=true /tmp/ifortWw8hfs.i
#include "..." search starts here:
#include <...> search starts here:
 .
 /home/futul/intel/compilers_and_libraries_2019.2.187/linux/compiler/include/intel64
 /home/futul/intel/compilers_and_libraries_2019.2.187/linux/compiler/include/icc
 /home/futul/intel/compilers_and_libraries_2019.2.187/linux/compiler/include
 /usr/local/include
 /usr/lib/gcc/x86_64-linux-gnu/7/include
 /usr/lib/gcc/x86_64-linux-gnu/7/include-fixed
 /usr/include/
 /usr/include
 /usr/include/x86_64-linux-gnu
End of search list.
ld    /usr/lib/gcc/x86_64-linux-gnu/7/../../../x86_64-linux-gnu/Scrt1.o /usr/lib/gcc/x86_64-linux-gnu/7/../../../x86_64-linux-gnu/crti.o /usr/lib/gcc/x86_64-linux-gnu/7/crtbeginS.o --eh-frame-hdr --build-id -dynamic-linker /lib64/ld-linux-x86-64.so.2 -m elf_x86_64 -o a.out /home/futul/intel/compilers_and_libraries_2019.2.187/linux/compiler/lib/intel64_lin/for_main.o -L/home/futul/intel/compilers_and_libraries_2019.2.187/linux/compiler/lib/intel64_lin -L/usr/lib/gcc/x86_64-linux-gnu/7/ -L/usr/lib/gcc/x86_64-linux-gnu/7/../../../x86_64-linux-gnu/ -L/usr/lib/gcc/x86_64-linux-gnu/7/../../../../lib/ -L/lib/x86_64-linux-gnu/ -L/lib/../lib64 -L/lib/../lib/ -L/usr/lib/x86_64-linux-gnu/ -L/usr/lib/../lib/ -L/usr/lib/gcc/x86_64-linux-gnu/7/../../../ -L/lib64 -L/lib/ -L/usr/lib /tmp/ifortZQhcwG.o -Bdynamic -Bstatic -lifport -lifcoremt -limf -lsvml -Bdynamic -lm -Bstatic -lipgo -lirc -Bdynamic -lpthread -Bstatic -lsvml -Bdynamic -lc -lgcc -lgcc_s -Bstatic -lirc_s -Bdynamic -ldl -lc /usr/lib/gcc/x86_64-linux-gnu/7/crtendS.o /usr/lib/gcc/x86_64-linux-gnu/7/../../../x86_64-linux-gnu/crtn.o


Compilation of the Fortran compiler identification source "CMakeFortranCompilerId.F" produced "a.out"

The Fortran compiler identification is Intel, found in "/home/futul/fortran/k.nik/l5/cmake-build-debug/CMakeFiles/3.13.2/CompilerIdFortran/a.out"

Determining if the Fortran compiler works passed with the following output:
Change Dir: /home/futul/fortran/k.nik/l5/cmake-build-debug/CMakeFiles/CMakeTmp

Run Build Command:"/usr/bin/make" "cmTC_98476/fast"
/usr/bin/make -f CMakeFiles/cmTC_98476.dir/build.make CMakeFiles/cmTC_98476.dir/build
make[1]: Entering directory '/home/futul/fortran/k.nik/l5/cmake-build-debug/CMakeFiles/CMakeTmp'
Building Fortran object CMakeFiles/cmTC_98476.dir/testFortranCompiler.f.o
/home/futul/intel/bin/ifort    -c /home/futul/fortran/k.nik/l5/cmake-build-debug/CMakeFiles/CMakeTmp/testFortranCompiler.f -o CMakeFiles/cmTC_98476.dir/testFortranCompiler.f.o
Linking Fortran executable cmTC_98476
/opt/CLion/bin/cmake/linux/bin/cmake -E cmake_link_script CMakeFiles/cmTC_98476.dir/link.txt --verbose=1
/home/futul/intel/bin/ifort      CMakeFiles/cmTC_98476.dir/testFortranCompiler.f.o  -o cmTC_98476 
make[1]: Leaving directory '/home/futul/fortran/k.nik/l5/cmake-build-debug/CMakeFiles/CMakeTmp'


Detecting Fortran compiler ABI info compiled with the following output:
Change Dir: /home/futul/fortran/k.nik/l5/cmake-build-debug/CMakeFiles/CMakeTmp

Run Build Command:"/usr/bin/make" "cmTC_69a8b/fast"
/usr/bin/make -f CMakeFiles/cmTC_69a8b.dir/build.make CMakeFiles/cmTC_69a8b.dir/build
make[1]: Entering directory '/home/futul/fortran/k.nik/l5/cmake-build-debug/CMakeFiles/CMakeTmp'
Building Fortran object CMakeFiles/cmTC_69a8b.dir/CMakeFortranCompilerABI.F.o
/home/futul/intel/bin/ifort    -c /opt/CLion/bin/cmake/linux/share/cmake-3.13/Modules/CMakeFortranCompilerABI.F -o CMakeFiles/cmTC_69a8b.dir/CMakeFortranCompilerABI.F.o
Linking Fortran executable cmTC_69a8b
/opt/CLion/bin/cmake/linux/bin/cmake -E cmake_link_script CMakeFiles/cmTC_69a8b.dir/link.txt --verbose=1
/home/futul/intel/bin/ifort   -v   CMakeFiles/cmTC_69a8b.dir/CMakeFortranCompilerABI.F.o  -o cmTC_69a8b 
ifort version 19.0.2.187
/home/futul/intel/compilers_and_libraries_2019.2.187/linux/bin/intel64/fortcom    -mGLOB_em64t=TRUE -mP1OPT_version=19.0-intel64 -mGLOB_diag_file=CMakeFiles/cmTC_69a8b.dir/CMakeFortranCompilerABI.F.diag -mGLOB_long_size_64 -mGLOB_routine_pointer_size_64 -mGLOB_source_language=GLOB_SOURCE_LANGUAGE_F90 -mP2OPT_static_promotion -mP1OPT_print_version=FALSE -mCG_use_gas_got_workaround=F -mP2OPT_align_option_used=TRUE -mGLOB_gcc_version=730 "-mGLOB_options_string=-v -o cmTC_69a8b" -mGLOB_cxx_limited_range=FALSE -mCG_extend_parms=FALSE -mGLOB_compiler_bin_directory=/home/futul/intel/compilers_and_libraries_2019.2.187/linux/bin/intel64 -mGLOB_as_output_backup_file_name=/tmp/ifort8xqiz9as_.s -mGLOB_dashboard_use_source_name -mIPOPT_activate -mGLOB_product_id_code=0x22006d91 -mP3OPT_use_mspp_call_convention -mP2OPT_subs_out_of_bound=FALSE -mP2OPT_disam_type_based_disam=2 -mGLOB_ansi_alias -mPGOPTI_value_profile_use=T -mGLOB_opt_report_use_source_name -mGLOB_offload_mode=1 -mP2OPT_offload_unique_var_string=ifort167538254673HP9U -mP2OPT_hlo -mP2OPT_hpo_rtt_control=0 -mIPOPT_args_in_regs=0 -mP2OPT_disam_assume_nonstd_intent_in=FALSE -mGLOB_imf_mapping_library=/home/futul/intel/compilers_and_libraries_2019.2.187/linux/bin/intel64/libiml_attr.so -mPGOPTI_gen_threadsafe_level=0 -mIPOPT_link -mIPOPT_ipo_activate -mIPOPT_mo_activate -mIPOPT_source_files_list=/tmp/ifortslisYllY2A -mIPOPT_mo_global_data -mIPOPT_link_script_file=/tmp/ifortscripta7i8in "-mIPOPT_cmdline_link="/usr/lib/gcc/x86_64-linux-gnu/7/../../../x86_64-linux-gnu/Scrt1.o" "/usr/lib/gcc/x86_64-linux-gnu/7/../../../x86_64-linux-gnu/crti.o" "/usr/lib/gcc/x86_64-linux-gnu/7/crtbeginS.o" "--eh-frame-hdr" "--build-id" "-dynamic-linker" "/lib64/ld-linux-x86-64.so.2" "-m" "elf_x86_64" "-o" "cmTC_69a8b" "/home/futul/intel/compilers_and_libraries_2019.2.187/linux/compiler/lib/intel64_lin/for_main.o" "-L/home/futul/intel/compilers_and_libraries_2019.2.187/linux/compiler/lib/intel64_lin" "-L/usr/lib/gcc/x86_64-linux-gnu/7/" "-L/usr/lib/gcc/x86_64-linux-gnu/7/../../../x86_64-linux-gnu/" "-L/usr/lib/gcc/x86_64-linux-gnu/7/../../../../lib/" "-L/lib/x86_64-linux-gnu/" "-L/lib/../lib64" "-L/lib/../lib/" "-L/usr/lib/x86_64-linux-gnu/" "-L/usr/lib/../lib/" "-L/usr/lib/gcc/x86_64-linux-gnu/7/../../../" "-L/lib64" "-L/lib/" "-L/usr/lib" "CMakeFiles/cmTC_69a8b.dir/CMakeFortranCompilerABI.F.o" "-Bdynamic" "-Bstatic" "-lifport" "-lifcoremt" "-limf" "-lsvml" "-Bdynamic" "-lm" "-Bstatic" "-lipgo" "-lirc" "-Bdynamic" "-lpthread" "-Bstatic" "-lsvml" "-Bdynamic" "-lc" "-lgcc" "-lgcc_s" "-Bstatic" "-lirc_s" "-Bdynamic" "-ldl" "-lc" "/usr/lib/gcc/x86_64-linux-gnu/7/crtendS.o" "/usr/lib/gcc/x86_64-linux-gnu/7/../../../x86_64-linux-gnu/crtn.o"" -mIPOPT_il_in_obj -mIPOPT_ipo_activate_warn=FALSE -mIPOPT_obj_output_file_name=/tmp/ipo_ifortenm3tV.o -mIPOPT_whole_archive_fixup_file_name=/tmp/ifortwarchYEcP5H -mGLOB_linker_version=2.30 -mGLOB_linker=ld -mGLOB_driver_tempfile_name=/tmp/iforttempfileqdSbmu -mP3OPT_asm_target=P3OPT_ASM_TARGET_GAS -mGLOB_async_unwind_tables=TRUE -mGLOB_obj_output_file=/tmp/ipo_ifortenm3tV.o -mGLOB_source_dialect=GLOB_SOURCE_DIALECT_NONE -mP1OPT_source_file_name=ipo_out.f -mP2OPT_symtab_type_copy=true CMakeFiles/cmTC_69a8b.dir/CMakeFortranCompilerABI.F.o -mIPOPT_object_files=T -mIPOPT_assembly_files=/tmp/ifortalisj8Pl0t -mIPOPT_generated_tempfiles=/tmp/ifortelisI9hvgg -mIPOPT_embedded_object_base_name=/tmp/iforteobjWHPEw2 -mIPOPT_cmdline_link_new_name=/tmp/ifortllis0rvOMO
ld    /usr/lib/gcc/x86_64-linux-gnu/7/../../../x86_64-linux-gnu/Scrt1.o /usr/lib/gcc/x86_64-linux-gnu/7/../../../x86_64-linux-gnu/crti.o /usr/lib/gcc/x86_64-linux-gnu/7/crtbeginS.o --eh-frame-hdr --build-id -dynamic-linker /lib64/ld-linux-x86-64.so.2 -m elf_x86_64 -o cmTC_69a8b /home/futul/intel/compilers_and_libraries_2019.2.187/linux/compiler/lib/intel64_lin/for_main.o -L/home/futul/intel/compilers_and_libraries_2019.2.187/linux/compiler/lib/intel64_lin -L/usr/lib/gcc/x86_64-linux-gnu/7/ -L/usr/lib/gcc/x86_64-linux-gnu/7/../../../x86_64-linux-gnu/ -L/usr/lib/gcc/x86_64-linux-gnu/7/../../../../lib/ -L/lib/x86_64-linux-gnu/ -L/lib/../lib64 -L/lib/../lib/ -L/usr/lib/x86_64-linux-gnu/ -L/usr/lib/../lib/ -L/usr/lib/gcc/x86_64-linux-gnu/7/../../../ -L/lib64 -L/lib/ -L/usr/lib CMakeFiles/cmTC_69a8b.dir/CMakeFortranCompilerABI.F.o -Bdynamic -Bstatic -lifport -lifcoremt -limf -lsvml -Bdynamic -lm -Bstatic -lipgo -lirc -Bdynamic -lpthread -Bstatic -lsvml -Bdynamic -lc -lgcc -lgcc_s -Bstatic -lirc_s -Bdynamic -ldl -lc /usr/lib/gcc/x86_64-linux-gnu/7/crtendS.o /usr/lib/gcc/x86_64-linux-gnu/7/../../../x86_64-linux-gnu/crtn.o
make[1]: Leaving directory '/home/futul/fortran/k.nik/l5/cmake-build-debug/CMakeFiles/CMakeTmp'


Parsed Fortran implicit link information from above output:
  link line regex: [^( *|.*[/\])(ld|CMAKE_LINK_STARTFILE-NOTFOUND|([^/\]+-)?ld|collect2)[^/\]*( |$)]
  ignore line: [Change Dir: /home/futul/fortran/k.nik/l5/cmake-build-debug/CMakeFiles/CMakeTmp]
  ignore line: []
  ignore line: [Run Build Command:"/usr/bin/make" "cmTC_69a8b/fast"]
  ignore line: [/usr/bin/make -f CMakeFiles/cmTC_69a8b.dir/build.make CMakeFiles/cmTC_69a8b.dir/build]
  ignore line: [make[1]: Entering directory '/home/futul/fortran/k.nik/l5/cmake-build-debug/CMakeFiles/CMakeTmp']
  ignore line: [Building Fortran object CMakeFiles/cmTC_69a8b.dir/CMakeFortranCompilerABI.F.o]
  ignore line: [/home/futul/intel/bin/ifort    -c /opt/CLion/bin/cmake/linux/share/cmake-3.13/Modules/CMakeFortranCompilerABI.F -o CMakeFiles/cmTC_69a8b.dir/CMakeFortranCompilerABI.F.o]
  ignore line: [Linking Fortran executable cmTC_69a8b]
  ignore line: [/opt/CLion/bin/cmake/linux/bin/cmake -E cmake_link_script CMakeFiles/cmTC_69a8b.dir/link.txt --verbose=1]
  ignore line: [/home/futul/intel/bin/ifort   -v   CMakeFiles/cmTC_69a8b.dir/CMakeFortranCompilerABI.F.o  -o cmTC_69a8b ]
  ignore line: [ifort version 19.0.2.187]
  ignore line: [/home/futul/intel/compilers_and_libraries_2019.2.187/linux/bin/intel64/fortcom    -mGLOB_em64t=TRUE -mP1OPT_version=19.0-intel64 -mGLOB_diag_file=CMakeFiles/cmTC_69a8b.dir/CMakeFortranCompilerABI.F.diag -mGLOB_long_size_64 -mGLOB_routine_pointer_size_64 -mGLOB_source_language=GLOB_SOURCE_LANGUAGE_F90 -mP2OPT_static_promotion -mP1OPT_print_version=FALSE -mCG_use_gas_got_workaround=F -mP2OPT_align_option_used=TRUE -mGLOB_gcc_version=730 "-mGLOB_options_string=-v -o cmTC_69a8b" -mGLOB_cxx_limited_range=FALSE -mCG_extend_parms=FALSE -mGLOB_compiler_bin_directory=/home/futul/intel/compilers_and_libraries_2019.2.187/linux/bin/intel64 -mGLOB_as_output_backup_file_name=/tmp/ifort8xqiz9as_.s -mGLOB_dashboard_use_source_name -mIPOPT_activate -mGLOB_product_id_code=0x22006d91 -mP3OPT_use_mspp_call_convention -mP2OPT_subs_out_of_bound=FALSE -mP2OPT_disam_type_based_disam=2 -mGLOB_ansi_alias -mPGOPTI_value_profile_use=T -mGLOB_opt_report_use_source_name -mGLOB_offload_mode=1 -mP2OPT_offload_unique_var_string=ifort167538254673HP9U -mP2OPT_hlo -mP2OPT_hpo_rtt_control=0 -mIPOPT_args_in_regs=0 -mP2OPT_disam_assume_nonstd_intent_in=FALSE -mGLOB_imf_mapping_library=/home/futul/intel/compilers_and_libraries_2019.2.187/linux/bin/intel64/libiml_attr.so -mPGOPTI_gen_threadsafe_level=0 -mIPOPT_link -mIPOPT_ipo_activate -mIPOPT_mo_activate -mIPOPT_source_files_list=/tmp/ifortslisYllY2A -mIPOPT_mo_global_data -mIPOPT_link_script_file=/tmp/ifortscripta7i8in "-mIPOPT_cmdline_link="/usr/lib/gcc/x86_64-linux-gnu/7/../../../x86_64-linux-gnu/Scrt1.o" "/usr/lib/gcc/x86_64-linux-gnu/7/../../../x86_64-linux-gnu/crti.o" "/usr/lib/gcc/x86_64-linux-gnu/7/crtbeginS.o" "--eh-frame-hdr" "--build-id" "-dynamic-linker" "/lib64/ld-linux-x86-64.so.2" "-m" "elf_x86_64" "-o" "cmTC_69a8b" "/home/futul/intel/compilers_and_libraries_2019.2.187/linux/compiler/lib/intel64_lin/for_main.o" "-L/home/futul/intel/compilers_and_libraries_2019.2.187/linux/compiler/lib/intel64_lin" "-L/usr/lib/gcc/x86_64-linux-gnu/7/" "-L/usr/lib/gcc/x86_64-linux-gnu/7/../../../x86_64-linux-gnu/" "-L/usr/lib/gcc/x86_64-linux-gnu/7/../../../../lib/" "-L/lib/x86_64-linux-gnu/" "-L/lib/../lib64" "-L/lib/../lib/" "-L/usr/lib/x86_64-linux-gnu/" "-L/usr/lib/../lib/" "-L/usr/lib/gcc/x86_64-linux-gnu/7/../../../" "-L/lib64" "-L/lib/" "-L/usr/lib" "CMakeFiles/cmTC_69a8b.dir/CMakeFortranCompilerABI.F.o" "-Bdynamic" "-Bstatic" "-lifport" "-lifcoremt" "-limf" "-lsvml" "-Bdynamic" "-lm" "-Bstatic" "-lipgo" "-lirc" "-Bdynamic" "-lpthread" "-Bstatic" "-lsvml" "-Bdynamic" "-lc" "-lgcc" "-lgcc_s" "-Bstatic" "-lirc_s" "-Bdynamic" "-ldl" "-lc" "/usr/lib/gcc/x86_64-linux-gnu/7/crtendS.o" "/usr/lib/gcc/x86_64-linux-gnu/7/../../../x86_64-linux-gnu/crtn.o"" -mIPOPT_il_in_obj -mIPOPT_ipo_activate_warn=FALSE -mIPOPT_obj_output_file_name=/tmp/ipo_ifortenm3tV.o -mIPOPT_whole_archive_fixup_file_name=/tmp/ifortwarchYEcP5H -mGLOB_linker_version=2.30 -mGLOB_linker=ld -mGLOB_driver_tempfile_name=/tmp/iforttempfileqdSbmu -mP3OPT_asm_target=P3OPT_ASM_TARGET_GAS -mGLOB_async_unwind_tables=TRUE -mGLOB_obj_output_file=/tmp/ipo_ifortenm3tV.o -mGLOB_source_dialect=GLOB_SOURCE_DIALECT_NONE -mP1OPT_source_file_name=ipo_out.f -mP2OPT_symtab_type_copy=true CMakeFiles/cmTC_69a8b.dir/CMakeFortranCompilerABI.F.o -mIPOPT_object_files=T -mIPOPT_assembly_files=/tmp/ifortalisj8Pl0t -mIPOPT_generated_tempfiles=/tmp/ifortelisI9hvgg -mIPOPT_embedded_object_base_name=/tmp/iforteobjWHPEw2 -mIPOPT_cmdline_link_new_name=/tmp/ifortllis0rvOMO]
  link line: [ld    /usr/lib/gcc/x86_64-linux-gnu/7/../../../x86_64-linux-gnu/Scrt1.o /usr/lib/gcc/x86_64-linux-gnu/7/../../../x86_64-linux-gnu/crti.o /usr/lib/gcc/x86_64-linux-gnu/7/crtbeginS.o --eh-frame-hdr --build-id -dynamic-linker /lib64/ld-linux-x86-64.so.2 -m elf_x86_64 -o cmTC_69a8b /home/futul/intel/compilers_and_libraries_2019.2.187/linux/compiler/lib/intel64_lin/for_main.o -L/home/futul/intel/compilers_and_libraries_2019.2.187/linux/compiler/lib/intel64_lin -L/usr/lib/gcc/x86_64-linux-gnu/7/ -L/usr/lib/gcc/x86_64-linux-gnu/7/../../../x86_64-linux-gnu/ -L/usr/lib/gcc/x86_64-linux-gnu/7/../../../../lib/ -L/lib/x86_64-linux-gnu/ -L/lib/../lib64 -L/lib/../lib/ -L/usr/lib/x86_64-linux-gnu/ -L/usr/lib/../lib/ -L/usr/lib/gcc/x86_64-linux-gnu/7/../../../ -L/lib64 -L/lib/ -L/usr/lib CMakeFiles/cmTC_69a8b.dir/CMakeFortranCompilerABI.F.o -Bdynamic -Bstatic -lifport -lifcoremt -limf -lsvml -Bdynamic -lm -Bstatic -lipgo -lirc -Bdynamic -lpthread -Bstatic -lsvml -Bdynamic -lc -lgcc -lgcc_s -Bstatic -lirc_s -Bdynamic -ldl -lc /usr/lib/gcc/x86_64-linux-gnu/7/crtendS.o /usr/lib/gcc/x86_64-linux-gnu/7/../../../x86_64-linux-gnu/crtn.o]
    arg [ld] ==> ignore
    arg [/usr/lib/gcc/x86_64-linux-gnu/7/../../../x86_64-linux-gnu/Scrt1.o] ==> ignore
    arg [/usr/lib/gcc/x86_64-linux-gnu/7/../../../x86_64-linux-gnu/crti.o] ==> ignore
    arg [/usr/lib/gcc/x86_64-linux-gnu/7/crtbeginS.o] ==> ignore
    arg [--eh-frame-hdr] ==> ignore
    arg [--build-id] ==> ignore
    arg [-dynamic-linker] ==> ignore
    arg [/lib64/ld-linux-x86-64.so.2] ==> ignore
    arg [-m] ==> ignore
    arg [elf_x86_64] ==> ignore
    arg [-o] ==> ignore
    arg [cmTC_69a8b] ==> ignore
    arg [/home/futul/intel/compilers_and_libraries_2019.2.187/linux/compiler/lib/intel64_lin/for_main.o] ==> ignore
    arg [-L/home/futul/intel/compilers_and_libraries_2019.2.187/linux/compiler/lib/intel64_lin] ==> dir [/home/futul/intel/compilers_and_libraries_2019.2.187/linux/compiler/lib/intel64_lin]
    arg [-L/usr/lib/gcc/x86_64-linux-gnu/7/] ==> dir [/usr/lib/gcc/x86_64-linux-gnu/7/]
    arg [-L/usr/lib/gcc/x86_64-linux-gnu/7/../../../x86_64-linux-gnu/] ==> dir [/usr/lib/gcc/x86_64-linux-gnu/7/../../../x86_64-linux-gnu/]
    arg [-L/usr/lib/gcc/x86_64-linux-gnu/7/../../../../lib/] ==> dir [/usr/lib/gcc/x86_64-linux-gnu/7/../../../../lib/]
    arg [-L/lib/x86_64-linux-gnu/] ==> dir [/lib/x86_64-linux-gnu/]
    arg [-L/lib/../lib64] ==> dir [/lib/../lib64]
    arg [-L/lib/../lib/] ==> dir [/lib/../lib/]
    arg [-L/usr/lib/x86_64-linux-gnu/] ==> dir [/usr/lib/x86_64-linux-gnu/]
    arg [-L/usr/lib/../lib/] ==> dir [/usr/lib/../lib/]
    arg [-L/usr/lib/gcc/x86_64-linux-gnu/7/../../../] ==> dir [/usr/lib/gcc/x86_64-linux-gnu/7/../../../]
    arg [-L/lib64] ==> dir [/lib64]
    arg [-L/lib/] ==> dir [/lib/]
    arg [-L/usr/lib] ==> dir [/usr/lib]
    arg [CMakeFiles/cmTC_69a8b.dir/CMakeFortranCompilerABI.F.o] ==> ignore
    arg [-Bdynamic] ==> ignore
    arg [-Bstatic] ==> ignore
    arg [-lifport] ==> lib [ifport]
    arg [-lifcoremt] ==> lib [ifcoremt]
    arg [-limf] ==> lib [imf]
    arg [-lsvml] ==> lib [svml]
    arg [-Bdynamic] ==> ignore
    arg [-lm] ==> lib [m]
    arg [-Bstatic] ==> ignore
    arg [-lipgo] ==> lib [ipgo]
    arg [-lirc] ==> lib [irc]
    arg [-Bdynamic] ==> ignore
    arg [-lpthread] ==> lib [pthread]
    arg [-Bstatic] ==> ignore
    arg [-lsvml] ==> lib [svml]
    arg [-Bdynamic] ==> ignore
    arg [-lc] ==> lib [c]
    arg [-lgcc] ==> lib [gcc]
    arg [-lgcc_s] ==> lib [gcc_s]
    arg [-Bstatic] ==> ignore
    arg [-lirc_s] ==> lib [irc_s]
    arg [-Bdynamic] ==> ignore
    arg [-ldl] ==> lib [dl]
    arg [-lc] ==> lib [c]
    arg [/usr/lib/gcc/x86_64-linux-gnu/7/crtendS.o] ==> ignore
    arg [/usr/lib/gcc/x86_64-linux-gnu/7/../../../x86_64-linux-gnu/crtn.o] ==> ignore
  collapse library dir [/home/futul/intel/compilers_and_libraries_2019.2.187/linux/compiler/lib/intel64_lin] ==> [/home/futul/intel/compilers_and_libraries_2019.2.187/linux/compiler/lib/intel64_lin]
  collapse library dir [/usr/lib/gcc/x86_64-linux-gnu/7/] ==> [/usr/lib/gcc/x86_64-linux-gnu/7]
  collapse library dir [/usr/lib/gcc/x86_64-linux-gnu/7/../../../x86_64-linux-gnu/] ==> [/usr/lib/x86_64-linux-gnu]
  collapse library dir [/usr/lib/gcc/x86_64-linux-gnu/7/../../../../lib/] ==> [/usr/lib]
  collapse library dir [/lib/x86_64-linux-gnu/] ==> [/lib/x86_64-linux-gnu]
  collapse library dir [/lib/../lib64] ==> [/lib64]
  collapse library dir [/lib/../lib/] ==> [/lib]
  collapse library dir [/usr/lib/x86_64-linux-gnu/] ==> [/usr/lib/x86_64-linux-gnu]
  collapse library dir [/usr/lib/../lib/] ==> [/usr/lib]
  collapse library dir [/usr/lib/gcc/x86_64-linux-gnu/7/../../../] ==> [/usr/lib]
  collapse library dir [/lib64] ==> [/lib64]
  collapse library dir [/lib/] ==> [/lib]
  collapse library dir [/usr/lib] ==> [/usr/lib]
  implicit libs: [ifport;ifcoremt;imf;svml;m;ipgo;irc;pthread;svml;c;gcc;gcc_s;irc_s;dl;c]
  implicit dirs: [/home/futul/intel/compilers_and_libraries_2019.2.187/linux/compiler/lib/intel64_lin;/usr/lib/gcc/x86_64-linux-gnu/7;/usr/lib/x86_64-linux-gnu;/usr/lib;/lib/x86_64-linux-gnu;/lib64;/lib]
  implicit fwks: []


Determining if the Fortran compiler supports Fortran 90 passed with the following output:
Change Dir: /home/futul/fortran/k.nik/l5/cmake-build-debug/CMakeFiles/CMakeTmp

Run Build Command:"/usr/bin/make" "cmTC_c7ce7/fast"
/usr/bin/make -f CMakeFiles/cmTC_c7ce7.dir/build.make CMakeFiles/cmTC_c7ce7.dir/build
make[1]: Entering directory '/home/futul/fortran/k.nik/l5/cmake-build-debug/CMakeFiles/CMakeTmp'
Building Fortran object CMakeFiles/cmTC_c7ce7.dir/testFortranCompilerF90.f90.o
/home/futul/intel/bin/ifort    -c /home/futul/fortran/k.nik/l5/cmake-build-debug/CMakeFiles/CMakeTmp/testFortranCompilerF90.f90 -o CMakeFiles/cmTC_c7ce7.dir/testFortranCompilerF90.f90.o
Linking Fortran executable cmTC_c7ce7
/opt/CLion/bin/cmake/linux/bin/cmake -E cmake_link_script CMakeFiles/cmTC_c7ce7.dir/link.txt --verbose=1
/home/futul/intel/bin/ifort      CMakeFiles/cmTC_c7ce7.dir/testFortranCompilerF90.f90.o  -o cmTC_c7ce7 
make[1]: Leaving directory '/home/futul/fortran/k.nik/l5/cmake-build-debug/CMakeFiles/CMakeTmp'


